<?xml version="1.0" encoding="UTF-8"?>
<testng-results skipped="0" failed="0" ignored="0" total="1" passed="1">
  <reporter-output>
  </reporter-output>
  <suite name="Default suite" duration-ms="17416" started-at="2020-08-31T00:11:21Z" finished-at="2020-08-31T00:11:38Z">
    <groups>
    </groups>
    <test name="Default test" duration-ms="17416" started-at="2020-08-31T00:11:21Z" finished-at="2020-08-31T00:11:38Z">
      <class name="testCases.LoginTest">
        <test-method status="PASS" signature="seConnecter()[pri:0, instance:testCases.LoginTest@309e345f]" name="seConnecter" duration-ms="17339" started-at="2020-08-31T00:11:21Z" finished-at="2020-08-31T00:11:38Z">
          <reporter-output>
          </reporter-output>
        </test-method> <!-- seConnecter -->
      </class> <!-- testCases.LoginTest -->
    </test> <!-- Default test -->
  </suite> <!-- Default suite -->
</testng-results>
